<?xml version="1.0" encoding="UTF-8"?>
<!-- Generated by org.testng.reporters.JUnitReportReporter -->
<testsuite hostname="DESKTOP-SLGF53B" failures="0" tests="1" name="org.testing.testcases.TC7_getParticularEmployee" time="0.630" errors="0" timestamp="2023-02-12T15:12:58 GMT" skipped="0">
  <testcase classname="org.testing.testcases.TC7_getParticularEmployee" name="testCase7" time="0.630"/>
  <system-out/>
</testsuite> <!-- org.testing.testcases.TC7_getParticularEmployee -->
