<?xml version="1.0" encoding="UTF-8"?>
<!-- Generated by org.testng.reporters.JUnitReportReporter -->
<testsuite hostname="DESKTOP-SLGF53B" failures="0" tests="1" name="org.testing.testcases.TC2_replaceVarPost" time="0.492" errors="0" timestamp="2023-02-12T15:12:58 GMT" skipped="0">
  <testcase classname="org.testing.testcases.TC2_replaceVarPost" name="testCase2" time="0.492"/>
  <system-out/>
</testsuite> <!-- org.testing.testcases.TC2_replaceVarPost -->
