<?xml version="1.0" encoding="UTF-8"?>
<!-- Generated by org.testng.reporters.JUnitReportReporter -->
<testsuite hostname="DESKTOP-SLGF53B" failures="0" tests="1" name="org.testing.testcases.TC7_getParticularEmployee" time="0.596" errors="0" timestamp="2023-02-13T00:04:47 GMT" skipped="0">
  <testcase classname="org.testing.testcases.TC7_getParticularEmployee" name="testCase7" time="0.596"/>
  <system-out/>
</testsuite> <!-- org.testing.testcases.TC7_getParticularEmployee -->
