<?xml version="1.0" encoding="UTF-8"?>
<!-- Generated by org.testng.reporters.JUnitReportReporter -->
<testsuite hostname="DESKTOP-SLGF53B" failures="0" tests="1" name="org.testing.testcases.TC5_deleteRequest" time="0.016" errors="0" timestamp="2023-02-13T00:04:47 GMT" skipped="0">
  <testcase classname="org.testing.testcases.TC5_deleteRequest" name="testCase5" time="0.016"/>
  <system-out/>
</testsuite> <!-- org.testing.testcases.TC5_deleteRequest -->
