<?xml version="1.0" encoding="UTF-8"?>
<!-- Generated by org.testng.reporters.JUnitReportReporter -->
<testsuite hostname="DESKTOP-SLGF53B" failures="0" tests="1" name="org.testing.testcases.TC10_XmltoJson" time="0.019" errors="0" timestamp="2023-03-09T11:53:54 GMT" skipped="0">
  <testcase classname="org.testing.testcases.TC10_XmltoJson" name="testCase11" time="0.019"/>
  <system-out/>
</testsuite> <!-- org.testing.testcases.TC10_XmltoJson -->
