<?xml version="1.0" encoding="UTF-8"?>
<!-- Generated by org.testng.reporters.JUnitReportReporter -->
<testsuite hostname="DESKTOP-SLGF53B" failures="0" tests="1" name="org.testing.testcases.TC3_getParticularRequest" time="0.086" errors="0" timestamp="2023-02-12T15:10:47 GMT" skipped="0">
  <testcase classname="org.testing.testcases.TC3_getParticularRequest" name="testCase3_2" time="0.086"/>
  <system-out/>
</testsuite> <!-- org.testing.testcases.TC3_getParticularRequest -->
