<?xml version="1.0" encoding="UTF-8"?>
<!-- Generated by org.testng.reporters.JUnitReportReporter -->
<testsuite hostname="DESKTOP-SLGF53B" failures="0" tests="1" name="org.testing.testcases.TC6_getAllEmployess" time="0.893" errors="0" timestamp="2023-02-12T15:10:47 GMT" skipped="0">
  <testcase classname="org.testing.testcases.TC6_getAllEmployess" name="testCase6" time="0.893"/>
  <system-out/>
</testsuite> <!-- org.testing.testcases.TC6_getAllEmployess -->
