<?xml version="1.0" encoding="UTF-8"?>
<!-- Generated by org.testng.reporters.JUnitReportReporter -->
<testsuite hostname="DESKTOP-SLGF53B" failures="0" tests="1" name="org.testing.testcases.TC8_PostEmployee" time="0.947" errors="0" timestamp="2023-02-12T15:10:47 GMT" skipped="0">
  <testcase classname="org.testing.testcases.TC8_PostEmployee" name="testCase8" time="0.947"/>
  <system-out/>
</testsuite> <!-- org.testing.testcases.TC8_PostEmployee -->
